12:35:11 **** Incremental Build of configuration Debug for project Mini_Project3 ****
make all 
Building file: ../Mini_Project3.c
Invoking: AVR Compiler
avr-gcc -Wall -g2 -gstabs -O0 -fpack-struct -fshort-enums -ffunction-sections -fdata-sections -std=gnu99 -funsigned-char -funsigned-bitfields -mmcu=atmega16 -DF_CPU=1000000UL -MMD -MP -MF"Mini_Project3.d" -MT"Mini_Project3.o" -c -o "Mini_Project3.o" "../Mini_Project3.c"
../Mini_Project3.c: In function 'main':
../Mini_Project3.c:29: error: 'SREG' undeclared (first use in this function)
../Mini_Project3.c:29: error: (Each undeclared identifier is reported only once
../Mini_Project3.c:29: error: for each function it appears in.)
make: *** [Mini_Project3.o] Error 1
"make all" terminated with exit code 2. Build might be incomplete.
12:35:52 **** Incremental Build of configuration Debug for project Mini_Project3 ****
make all 
Building file: ../Mini_Project3.c
Invoking: AVR Compiler
avr-gcc -Wall -g2 -gstabs -O0 -fpack-struct -fshort-enums -ffunction-sections -fdata-sections -std=gnu99 -funsigned-char -funsigned-bitfields -mmcu=atmega16 -DF_CPU=1000000UL -MMD -MP -MF"Mini_Project3.d" -MT"Mini_Project3.o" -c -o "Mini_Project3.o" "../Mini_Project3.c"
Finished building: ../Mini_Project3.c
 
Building file: ../adc.c
Invoking: AVR Compiler
avr-gcc -Wall -g2 -gstabs -O0 -fpack-struct -fshort-enums -ffunction-sections -fdata-sections -std=gnu99 -funsigned-char -funsigned-bitfields -mmcu=atmega16 -DF_CPU=1000000UL -MMD -MP -MF"adc.d" -MT"adc.o" -c -o "adc.o" "../adc.c"
Finished building: ../adc.c
 
Building file: ../dc_motor.c
Invoking: AVR Compiler
avr-gcc -Wall -g2 -gstabs -O0 -fpack-struct -fshort-enums -ffunction-sections -fdata-sections -std=gnu99 -funsigned-char -funsigned-bitfields -mmcu=atmega16 -DF_CPU=1000000UL -MMD -MP -MF"dc_motor.d" -MT"dc_motor.o" -c -o "dc_motor.o" "../dc_motor.c"
In file included from ../dc_motor.c:15:
../pwm_timer0.h:17:60: error: micro_config.h: No such file or directory
../dc_motor.c: In function 'DcMotor_Init':
../dc_motor.c:26: error: too few arguments to function 'GPIO_setupPinDirection'
../dc_motor.c:27: error: too few arguments to function 'GPIO_setupPinDirection'
../dc_motor.c:30: error: too few arguments to function 'GPIO_writePin'
../dc_motor.c:31: error: too few arguments to function 'GPIO_writePin'
../dc_motor.c: In function 'DcMotor_Rotate':
../dc_motor.c:44: error: too few arguments to function 'GPIO_writePin'
../dc_motor.c:45: error: too few arguments to function 'GPIO_writePin'
../dc_motor.c:52: error: too few arguments to function 'GPIO_writePin'
../dc_motor.c:53: error: too few arguments to function 'GPIO_writePin'
../dc_motor.c:60: error: too few arguments to function 'GPIO_writePin'
../dc_motor.c:61: error: too few arguments to function 'GPIO_writePin'
make: *** [dc_motor.o] Error 1
"make all" terminated with exit code 2. Build might be incomplete.
12:38:13 **** Incremental Build of configuration Debug for project Mini_Project3 ****
make all 
Building file: ../Mini_Project3.c
Invoking: AVR Compiler
avr-gcc -Wall -g2 -gstabs -O0 -fpack-struct -fshort-enums -ffunction-sections -fdata-sections -std=gnu99 -funsigned-char -funsigned-bitfields -mmcu=atmega16 -DF_CPU=1000000UL -MMD -MP -MF"Mini_Project3.d" -MT"Mini_Project3.o" -c -o "Mini_Project3.o" "../Mini_Project3.c"
Finished building: ../Mini_Project3.c
 
Building file: ../dc_motor.c
Invoking: AVR Compiler
avr-gcc -Wall -g2 -gstabs -O0 -fpack-struct -fshort-enums -ffunction-sections -fdata-sections -std=gnu99 -funsigned-char -funsigned-bitfields -mmcu=atmega16 -DF_CPU=1000000UL -MMD -MP -MF"dc_motor.d" -MT"dc_motor.o" -c -o "dc_motor.o" "../dc_motor.c"
In file included from ../dc_motor.c:15:
../pwm_timer0.h:17:60: error: micro_config.h: No such file or directory
make: *** [dc_motor.o] Error 1
"make all" terminated with exit code 2. Build might be incomplete.
12:39:08 **** Incremental Build of configuration Debug for project Mini_Project3 ****
make all 
Building file: ../dc_motor.c
Invoking: AVR Compiler
avr-gcc -Wall -g2 -gstabs -O0 -fpack-struct -fshort-enums -ffunction-sections -fdata-sections -std=gnu99 -funsigned-char -funsigned-bitfields -mmcu=atmega16 -DF_CPU=1000000UL -MMD -MP -MF"dc_motor.d" -MT"dc_motor.o" -c -o "dc_motor.o" "../dc_motor.c"
Finished building: ../dc_motor.c
 
Building file: ../gpio.c
Invoking: AVR Compiler
avr-gcc -Wall -g2 -gstabs -O0 -fpack-struct -fshort-enums -ffunction-sections -fdata-sections -std=gnu99 -funsigned-char -funsigned-bitfields -mmcu=atmega16 -DF_CPU=1000000UL -MMD -MP -MF"gpio.d" -MT"gpio.o" -c -o "gpio.o" "../gpio.c"
Finished building: ../gpio.c
 
Building file: ../lcd.c
Invoking: AVR Compiler
avr-gcc -Wall -g2 -gstabs -O0 -fpack-struct -fshort-enums -ffunction-sections -fdata-sections -std=gnu99 -funsigned-char -funsigned-bitfields -mmcu=atmega16 -DF_CPU=1000000UL -MMD -MP -MF"lcd.d" -MT"lcd.o" -c -o "lcd.o" "../lcd.c"
In file included from ../lcd.c:13:
c:/winavr-20100110/lib/gcc/../../avr/include/util/delay.h:90:3: warning: #warning "Compiler optimizations disabled; functions from <util/delay.h> won't work as designed"
../lcd.c: In function 'LCD_intgerToString':
../lcd.c:145: warning: implicit declaration of function 'itoa'
Finished building: ../lcd.c
 
Building file: ../lm35_sensor.c
Invoking: AVR Compiler
avr-gcc -Wall -g2 -gstabs -O0 -fpack-struct -fshort-enums -ffunction-sections -fdata-sections -std=gnu99 -funsigned-char -funsigned-bitfields -mmcu=atmega16 -DF_CPU=1000000UL -MMD -MP -MF"lm35_sensor.d" -MT"lm35_sensor.o" -c -o "lm35_sensor.o" "../lm35_sensor.c"
../lm35_sensor.c: In function 'LM35_getTemperature':
../lm35_sensor.c:31: error: 'ADC_REF_VOLT_VALUE' undeclared (first use in this function)
../lm35_sensor.c:31: error: (Each undeclared identifier is reported only once
../lm35_sensor.c:31: error: for each function it appears in.)
../lm35_sensor.c:31: error: 'ADC_MAXIMUM_VALUE' undeclared (first use in this function)
make: *** [lm35_sensor.o] Error 1
"make all" terminated with exit code 2. Build might be incomplete.
12:40:33 **** Incremental Build of configuration Debug for project Mini_Project3 ****
make all 
Building file: ../Mini_Project3.c
Invoking: AVR Compiler
avr-gcc -Wall -g2 -gstabs -O0 -fpack-struct -fshort-enums -ffunction-sections -fdata-sections -std=gnu99 -funsigned-char -funsigned-bitfields -mmcu=atmega16 -DF_CPU=1000000UL -MMD -MP -MF"Mini_Project3.d" -MT"Mini_Project3.o" -c -o "Mini_Project3.o" "../Mini_Project3.c"
Finished building: ../Mini_Project3.c
 
Building file: ../adc.c
Invoking: AVR Compiler
avr-gcc -Wall -g2 -gstabs -O0 -fpack-struct -fshort-enums -ffunction-sections -fdata-sections -std=gnu99 -funsigned-char -funsigned-bitfields -mmcu=atmega16 -DF_CPU=1000000UL -MMD -MP -MF"adc.d" -MT"adc.o" -c -o "adc.o" "../adc.c"
Finished building: ../adc.c
 
Building file: ../lm35_sensor.c
Invoking: AVR Compiler
avr-gcc -Wall -g2 -gstabs -O0 -fpack-struct -fshort-enums -ffunction-sections -fdata-sections -std=gnu99 -funsigned-char -funsigned-bitfields -mmcu=atmega16 -DF_CPU=1000000UL -MMD -MP -MF"lm35_sensor.d" -MT"lm35_sensor.o" -c -o "lm35_sensor.o" "../lm35_sensor.c"
Finished building: ../lm35_sensor.c
 
Building file: ../pwm_timer0.c
Invoking: AVR Compiler
avr-gcc -Wall -g2 -gstabs -O0 -fpack-struct -fshort-enums -ffunction-sections -fdata-sections -std=gnu99 -funsigned-char -funsigned-bitfields -mmcu=atmega16 -DF_CPU=1000000UL -MMD -MP -MF"pwm_timer0.d" -MT"pwm_timer0.o" -c -o "pwm_timer0.o" "../pwm_timer0.c"
../pwm_timer0.c: In function 'PWM_Timer0_Init':
../pwm_timer0.c:34: error: too few arguments to function 'GPIO_setupPinDirection'
make: *** [pwm_timer0.o] Error 1
"make all" terminated with exit code 2. Build might be incomplete.
12:59:26 **** Incremental Build of configuration Debug for project Mini_Project3 ****
make all 
Building file: ../dc_motor.c
Invoking: AVR Compiler
avr-gcc -Wall -g2 -gstabs -O0 -fpack-struct -fshort-enums -ffunction-sections -fdata-sections -std=gnu99 -funsigned-char -funsigned-bitfields -mmcu=atmega16 -DF_CPU=1000000UL -MMD -MP -MF"dc_motor.d" -MT"dc_motor.o" -c -o "dc_motor.o" "../dc_motor.c"
Finished building: ../dc_motor.c
 
Building file: ../pwm_timer0.c
Invoking: AVR Compiler
avr-gcc -Wall -g2 -gstabs -O0 -fpack-struct -fshort-enums -ffunction-sections -fdata-sections -std=gnu99 -funsigned-char -funsigned-bitfields -mmcu=atmega16 -DF_CPU=1000000UL -MMD -MP -MF"pwm_timer0.d" -MT"pwm_timer0.o" -c -o "pwm_timer0.o" "../pwm_timer0.c"
Finished building: ../pwm_timer0.c
 
Building target: Mini_Project3.elf
Invoking: AVR C Linker
avr-gcc -Wl,-Map,Mini_Project3.map -mmcu=atmega16 -o "Mini_Project3.elf"  ./Mini_Project3.o ./adc.o ./dc_motor.o ./gpio.o ./lcd.o ./lm35_sensor.o ./pwm_timer0.o   
Finished building target: Mini_Project3.elf
 
Invoking: AVR Create Extended Listing
avr-objdump -h -S Mini_Project3.elf  >"Mini_Project3.lss"
Finished building: Mini_Project3.lss
 
Invoking: Print Size
avr-size --format=avr --mcu=atmega16 Mini_Project3.elf
AVR Memory Usage
----------------
Device: atmega16

Program:    9200 bytes (56.2% Full)
(.text + .data + .bootloader)

Data:        298 bytes (29.1% Full)
(.data + .bss + .noinit)


Finished building: sizedummy
 
12:59:56 **** Incremental Build of configuration Debug for project Mini_Project3 ****
make all 
Building file: ../Mini_Project3.c
Invoking: AVR Compiler
avr-gcc -Wall -g2 -gstabs -O0 -fpack-struct -fshort-enums -ffunction-sections -fdata-sections -std=gnu99 -funsigned-char -funsigned-bitfields -mmcu=atmega16 -DF_CPU=1000000UL -MMD -MP -MF"Mini_Project3.d" -MT"Mini_Project3.o" -c -o "Mini_Project3.o" "../Mini_Project3.c"
Finished building: ../Mini_Project3.c
 
Building file: ../adc.c
Invoking: AVR Compiler
avr-gcc -Wall -g2 -gstabs -O0 -fpack-struct -fshort-enums -ffunction-sections -fdata-sections -std=gnu99 -funsigned-char -funsigned-bitfields -mmcu=atmega16 -DF_CPU=1000000UL -MMD -MP -MF"adc.d" -MT"adc.o" -c -o "adc.o" "../adc.c"
Finished building: ../adc.c
 
Building file: ../lm35_sensor.c
Invoking: AVR Compiler
avr-gcc -Wall -g2 -gstabs -O0 -fpack-struct -fshort-enums -ffunction-sections -fdata-sections -std=gnu99 -funsigned-char -funsigned-bitfields -mmcu=atmega16 -DF_CPU=1000000UL -MMD -MP -MF"lm35_sensor.d" -MT"lm35_sensor.o" -c -o "lm35_sensor.o" "../lm35_sensor.c"
Finished building: ../lm35_sensor.c
 
Building target: Mini_Project3.elf
Invoking: AVR C Linker
avr-gcc -Wl,-Map,Mini_Project3.map -mmcu=atmega16 -o "Mini_Project3.elf"  ./Mini_Project3.o ./adc.o ./dc_motor.o ./gpio.o ./lcd.o ./lm35_sensor.o ./pwm_timer0.o   
Finished building target: Mini_Project3.elf
 
Invoking: AVR Create Extended Listing
avr-objdump -h -S Mini_Project3.elf  >"Mini_Project3.lss"
Finished building: Mini_Project3.lss
 
Invoking: Print Size
avr-size --format=avr --mcu=atmega16 Mini_Project3.elf
AVR Memory Usage
----------------
Device: atmega16

Program:    9220 bytes (56.3% Full)
(.text + .data + .bootloader)

Data:        298 bytes (29.1% Full)
(.data + .bss + .noinit)


Finished building: sizedummy
 
13:04:58 **** Incremental Build of configuration Debug for project Mini_Project3 ****
make all 
Building file: ../Mini_Project3.c
Invoking: AVR Compiler
avr-gcc -Wall -g2 -gstabs -O0 -fpack-struct -fshort-enums -ffunction-sections -fdata-sections -std=gnu99 -funsigned-char -funsigned-bitfields -mmcu=atmega16 -DF_CPU=1000000UL -MMD -MP -MF"Mini_Project3.d" -MT"Mini_Project3.o" -c -o "Mini_Project3.o" "../Mini_Project3.c"
Finished building: ../Mini_Project3.c
 
Building file: ../dc_motor.c
Invoking: AVR Compiler
avr-gcc -Wall -g2 -gstabs -O0 -fpack-struct -fshort-enums -ffunction-sections -fdata-sections -std=gnu99 -funsigned-char -funsigned-bitfields -mmcu=atmega16 -DF_CPU=1000000UL -MMD -MP -MF"dc_motor.d" -MT"dc_motor.o" -c -o "dc_motor.o" "../dc_motor.c"
Finished building: ../dc_motor.c
 
Building file: ../pwm_timer0.c
Invoking: AVR Compiler
avr-gcc -Wall -g2 -gstabs -O0 -fpack-struct -fshort-enums -ffunction-sections -fdata-sections -std=gnu99 -funsigned-char -funsigned-bitfields -mmcu=atmega16 -DF_CPU=1000000UL -MMD -MP -MF"pwm_timer0.d" -MT"pwm_timer0.o" -c -o "pwm_timer0.o" "../pwm_timer0.c"
Finished building: ../pwm_timer0.c
 
Building target: Mini_Project3.elf
Invoking: AVR C Linker
avr-gcc -Wl,-Map,Mini_Project3.map -mmcu=atmega16 -o "Mini_Project3.elf"  ./Mini_Project3.o ./adc.o ./dc_motor.o ./gpio.o ./lcd.o ./lm35_sensor.o ./pwm_timer0.o   
Finished building target: Mini_Project3.elf
 
Invoking: AVR Create Extended Listing
avr-objdump -h -S Mini_Project3.elf  >"Mini_Project3.lss"
Finished building: Mini_Project3.lss
 
Invoking: Print Size
avr-size --format=avr --mcu=atmega16 Mini_Project3.elf
AVR Memory Usage
----------------
Device: atmega16

Program:    9220 bytes (56.3% Full)
(.text + .data + .bootloader)

Data:        298 bytes (29.1% Full)
(.data + .bss + .noinit)


Finished building: sizedummy
 
13:09:40 **** Incremental Build of configuration Debug for project Mini_Project3 ****
make all 
Building file: ../dc_motor.c
Invoking: AVR Compiler
avr-gcc -Wall -g2 -gstabs -O0 -fpack-struct -fshort-enums -ffunction-sections -fdata-sections -std=gnu99 -funsigned-char -funsigned-bitfields -mmcu=atmega16 -DF_CPU=1000000UL -MMD -MP -MF"dc_motor.d" -MT"dc_motor.o" -c -o "dc_motor.o" "../dc_motor.c"
Finished building: ../dc_motor.c
 
Building file: ../pwm_timer0.c
Invoking: AVR Compiler
avr-gcc -Wall -g2 -gstabs -O0 -fpack-struct -fshort-enums -ffunction-sections -fdata-sections -std=gnu99 -funsigned-char -funsigned-bitfields -mmcu=atmega16 -DF_CPU=1000000UL -MMD -MP -MF"pwm_timer0.d" -MT"pwm_timer0.o" -c -o "pwm_timer0.o" "../pwm_timer0.c"
Finished building: ../pwm_timer0.c
 
Building target: Mini_Project3.elf
Invoking: AVR C Linker
avr-gcc -Wl,-Map,Mini_Project3.map -mmcu=atmega16 -o "Mini_Project3.elf"  ./Mini_Project3.o ./adc.o ./dc_motor.o ./gpio.o ./lcd.o ./lm35_sensor.o ./pwm_timer0.o   
Finished building target: Mini_Project3.elf
 
Invoking: AVR Create Extended Listing
avr-objdump -h -S Mini_Project3.elf  >"Mini_Project3.lss"
Finished building: Mini_Project3.lss
 
Invoking: Print Size
avr-size --format=avr --mcu=atmega16 Mini_Project3.elf
AVR Memory Usage
----------------
Device: atmega16

Program:    9220 bytes (56.3% Full)
(.text + .data + .bootloader)

Data:        298 bytes (29.1% Full)
(.data + .bss + .noinit)


Finished building: sizedummy
 
13:12:06 **** Incremental Build of configuration Debug for project Mini_Project3 ****
make all 
Building file: ../pwm_timer0.c
Invoking: AVR Compiler
avr-gcc -Wall -g2 -gstabs -O0 -fpack-struct -fshort-enums -ffunction-sections -fdata-sections -std=gnu99 -funsigned-char -funsigned-bitfields -mmcu=atmega16 -DF_CPU=1000000UL -MMD -MP -MF"pwm_timer0.d" -MT"pwm_timer0.o" -c -o "pwm_timer0.o" "../pwm_timer0.c"
Finished building: ../pwm_timer0.c
 
Building target: Mini_Project3.elf
Invoking: AVR C Linker
avr-gcc -Wl,-Map,Mini_Project3.map -mmcu=atmega16 -o "Mini_Project3.elf"  ./Mini_Project3.o ./adc.o ./dc_motor.o ./gpio.o ./lcd.o ./lm35_sensor.o ./pwm_timer0.o   
Finished building target: Mini_Project3.elf
 
Invoking: AVR Create Extended Listing
avr-objdump -h -S Mini_Project3.elf  >"Mini_Project3.lss"
Finished building: Mini_Project3.lss
 
Invoking: Print Size
avr-size --format=avr --mcu=atmega16 Mini_Project3.elf
AVR Memory Usage
----------------
Device: atmega16

Program:    9220 bytes (56.3% Full)
(.text + .data + .bootloader)

Data:        298 bytes (29.1% Full)
(.data + .bss + .noinit)


Finished building: sizedummy
 
21:15:37 **** Incremental Build of configuration Debug for project Mini_Project3 ****
make all 
Building file: ../Mini_Project3.c
Invoking: AVR Compiler
avr-gcc -Wall -g2 -gstabs -O0 -fpack-struct -fshort-enums -ffunction-sections -fdata-sections -std=gnu99 -funsigned-char -funsigned-bitfields -mmcu=atmega16 -DF_CPU=1000000UL -MMD -MP -MF"Mini_Project3.d" -MT"Mini_Project3.o" -c -o "Mini_Project3.o" "../Mini_Project3.c"
Finished building: ../Mini_Project3.c
 
Building file: ../dc_motor.c
Invoking: AVR Compiler
avr-gcc -Wall -g2 -gstabs -O0 -fpack-struct -fshort-enums -ffunction-sections -fdata-sections -std=gnu99 -funsigned-char -funsigned-bitfields -mmcu=atmega16 -DF_CPU=1000000UL -MMD -MP -MF"dc_motor.d" -MT"dc_motor.o" -c -o "dc_motor.o" "../dc_motor.c"
Finished building: ../dc_motor.c
 
Building target: Mini_Project3.elf
Invoking: AVR C Linker
avr-gcc -Wl,-Map,Mini_Project3.map -mmcu=atmega16 -o "Mini_Project3.elf"  ./Mini_Project3.o ./adc.o ./dc_motor.o ./gpio.o ./lcd.o ./lm35_sensor.o ./pwm_timer0.o   
Finished building target: Mini_Project3.elf
 
Invoking: AVR Create Extended Listing
avr-objdump -h -S Mini_Project3.elf  >"Mini_Project3.lss"
Finished building: Mini_Project3.lss
 
Invoking: Print Size
avr-size --format=avr --mcu=atmega16 Mini_Project3.elf
AVR Memory Usage
----------------
Device: atmega16

Program:    9220 bytes (56.3% Full)
(.text + .data + .bootloader)

Data:        298 bytes (29.1% Full)
(.data + .bss + .noinit)


Finished building: sizedummy
 
01:00:03 **** Incremental Build of configuration Debug for project Mini_Project3 ****
make all 
Invoking: Print Size
avr-size --format=avr --mcu=atmega16 Mini_Project3.elf
AVR Memory Usage
----------------
Device: atmega16

Program:    9220 bytes (56.3% Full)
(.text + .data + .bootloader)

Data:        298 bytes (29.1% Full)
(.data + .bss + .noinit)


Finished building: sizedummy
 
15:18:57 **** Incremental Build of configuration Debug for project Mini_Project3 ****
make all 
Invoking: Print Size
avr-size --format=avr --mcu=atmega16 Mini_Project3.elf
AVR Memory Usage
----------------
Device: atmega16

Program:    9220 bytes (56.3% Full)
(.text + .data + .bootloader)

Data:        298 bytes (29.1% Full)
(.data + .bss + .noinit)


Finished building: sizedummy
 
